2019-12-29 19:54:04 upgrade mintreport:all 1.1.3 1.1.4
2019-12-29 19:54:04 status half-configured mintreport:all 1.1.3
2019-12-29 19:54:04 status unpacked mintreport:all 1.1.3
2019-12-29 19:54:04 status half-installed mintreport:all 1.1.3
2019-12-29 19:54:04 status triggers-pending desktop-file-utils:amd64 0.23+linuxmint8
2019-12-29 19:54:04 status triggers-pending mime-support:all 3.60ubuntu1
2019-12-29 19:54:04 status triggers-pending libglib2.0-0:amd64 2.56.4-0ubuntu0.18.04.4
2019-12-29 19:54:05 status half-installed mintreport:all 1.1.3
2019-12-29 19:54:05 status triggers-pending hicolor-icon-theme:all 0.17-2
2019-12-29 19:54:05 status half-installed mintreport:all 1.1.3
2019-12-29 19:54:05 status unpacked mintreport:all 1.1.4
2019-12-29 19:54:05 status unpacked mintreport:all 1.1.4
2019-12-29 19:54:06 upgrade mint-meta-core:all 2019.11.03 2019.12.28
2019-12-29 19:54:06 status half-configured mint-meta-core:all 2019.11.03
2019-12-29 19:54:06 status unpacked mint-meta-core:all 2019.11.03
2019-12-29 19:54:06 status half-installed mint-meta-core:all 2019.11.03
2019-12-29 19:54:06 status half-installed mint-meta-core:all 2019.11.03
2019-12-29 19:54:06 status unpacked mint-meta-core:all 2019.12.28
2019-12-29 19:54:06 status unpacked mint-meta-core:all 2019.12.28
2019-12-29 19:54:06 upgrade mint-meta-mate:all 2019.11.03 2019.12.28
2019-12-29 19:54:06 status half-configured mint-meta-mate:all 2019.11.03
2019-12-29 19:54:06 status unpacked mint-meta-mate:all 2019.11.03
2019-12-29 19:54:06 status half-installed mint-meta-mate:all 2019.11.03
2019-12-29 19:54:06 status half-installed mint-meta-mate:all 2019.11.03
2019-12-29 19:54:06 status unpacked mint-meta-mate:all 2019.12.28
2019-12-29 19:54:07 status unpacked mint-meta-mate:all 2019.12.28
2019-12-29 19:54:07 startup packages configure
2019-12-29 19:54:07 configure mint-meta-codecs:all 2019.12.28 <aucune>
2019-12-29 19:54:07 status unpacked mint-meta-codecs:all 2019.12.28
2019-12-29 19:54:07 status half-configured mint-meta-codecs:all 2019.12.28
2019-12-29 19:54:07 status installed mint-meta-codecs:all 2019.12.28
2019-12-29 19:54:07 configure mintreport:all 1.1.4 <aucune>
2019-12-29 19:54:07 status unpacked mintreport:all 1.1.4
2019-12-29 19:54:07 status unpacked mintreport:all 1.1.4
2019-12-29 19:54:07 status half-configured mintreport:all 1.1.4
2019-12-29 19:54:07 status triggers-awaited mintreport:all 1.1.4
2019-12-29 19:54:08 trigproc hicolor-icon-theme:all 0.17-2 <aucune>
2019-12-29 19:54:08 status half-configured hicolor-icon-theme:all 0.17-2
2019-12-29 19:54:08 status installed hicolor-icon-theme:all 0.17-2
2019-12-29 19:54:08 trigproc mime-support:all 3.60ubuntu1 <aucune>
2019-12-29 19:54:08 status half-configured mime-support:all 3.60ubuntu1
2019-12-29 19:54:08 status installed mime-support:all 3.60ubuntu1
2019-12-29 19:54:08 trigproc desktop-file-utils:amd64 0.23+linuxmint8 <aucune>
2019-12-29 19:54:08 status half-configured desktop-file-utils:amd64 0.23+linuxmint8
2019-12-29 19:54:08 status installed desktop-file-utils:amd64 0.23+linuxmint8
2019-12-29 19:54:08 trigproc libglib2.0-0:amd64 2.56.4-0ubuntu0.18.04.4 <aucune>
2019-12-29 19:54:08 status half-configured libglib2.0-0:amd64 2.56.4-0ubuntu0.18.04.4
2019-12-29 19:54:08 status installed mintreport:all 1.1.4
2019-12-29 19:54:09 status installed libglib2.0-0:amd64 2.56.4-0ubuntu0.18.04.4
2019-12-29 19:54:09 configure mint-meta-core:all 2019.12.28 <aucune>
2019-12-29 19:54:09 status unpacked mint-meta-core:all 2019.12.28
2019-12-29 19:54:09 status half-configured mint-meta-core:all 2019.12.28
2019-12-29 19:54:09 status installed mint-meta-core:all 2019.12.28
2019-12-29 19:54:09 configure mint-meta-mate:all 2019.12.28 <aucune>
2019-12-29 19:54:09 status unpacked mint-meta-mate:all 2019.12.28
2019-12-29 19:54:09 status half-configured mint-meta-mate:all 2019.12.28
2019-12-29 19:54:09 status installed mint-meta-mate:all 2019.12.28
2019-12-30 01:47:56 startup archives unpack
2019-12-30 01:47:59 install gparted:amd64 <aucune> 0.30.0-3ubuntu2
2019-12-30 01:47:59 status half-installed gparted:amd64 0.30.0-3ubuntu2
2019-12-30 01:47:59 status triggers-pending desktop-file-utils:amd64 0.23+linuxmint8
2019-12-30 01:47:59 status triggers-pending mime-support:all 3.60ubuntu1
2019-12-30 01:47:59 status triggers-pending hicolor-icon-theme:all 0.17-2
2019-12-30 01:47:59 status triggers-pending man-db:amd64 2.8.3-2ubuntu0.1
2019-12-30 01:48:00 status unpacked gparted:amd64 0.30.0-3ubuntu2
2019-12-30 01:48:00 status unpacked gparted:amd64 0.30.0-3ubuntu2
2019-12-30 01:48:00 startup packages configure
2019-12-30 01:48:00 configure gparted:amd64 0.30.0-3ubuntu2 <aucune>
2019-12-30 01:48:00 status unpacked gparted:amd64 0.30.0-3ubuntu2
2019-12-30 01:48:00 status half-configured gparted:amd64 0.30.0-3ubuntu2
2019-12-30 01:48:00 status installed gparted:amd64 0.30.0-3ubuntu2
2019-12-30 01:48:00 trigproc mime-support:all 3.60ubuntu1 <aucune>
2019-12-30 01:48:00 status half-configured mime-support:all 3.60ubuntu1
2019-12-30 01:48:01 status installed mime-support:all 3.60ubuntu1
2019-12-30 01:48:01 trigproc desktop-file-utils:amd64 0.23+linuxmint8 <aucune>
2019-12-30 01:48:01 status half-configured desktop-file-utils:amd64 0.23+linuxmint8
2019-12-30 01:48:01 status installed desktop-file-utils:amd64 0.23+linuxmint8
2019-12-30 01:48:01 trigproc man-db:amd64 2.8.3-2ubuntu0.1 <aucune>
2019-12-30 01:48:01 status half-configured man-db:amd64 2.8.3-2ubuntu0.1
2019-12-30 01:48:03 status installed man-db:amd64 2.8.3-2ubuntu0.1
2019-12-30 01:48:03 trigproc hicolor-icon-theme:all 0.17-2 <aucune>
2019-12-30 01:48:03 status half-configured hicolor-icon-theme:all 0.17-2
2019-12-30 01:48:04 status installed hicolor-icon-theme:all 0.17-2
